<?xml version="1.0" encoding="UTF-8"?>
<testsuite xmlns:xsi="http://www.w3.org/2001/XMLSchema-instance" xsi:noNamespaceSchemaLocation="https://maven.apache.org/surefire/maven-surefire-plugin/xsd/surefire-test-report-3.0.xsd" version="3.0" name="org.example.AppTest" time="0.01" tests="1" errors="0" skipped="0" failures="0">
  <properties>
    <property name="java.specification.version" value="17"/>
    <property name="sun.cpu.isalist" value="amd64"/>
    <property name="sun.jnu.encoding" value="GBK"/>
    <property name="java.class.path" value="F:\CODE\be\java-my-learn\Part08-Spring-without-Boot\target\test-classes;F:\CODE\be\java-my-learn\Part08-Spring-without-Boot\target\classes;F:\DevCacheFile\.m2\repository\org\springframework\spring-context\6.1.6\spring-context-6.1.6.jar;F:\DevCacheFile\.m2\repository\org\springframework\spring-aop\6.1.6\spring-aop-6.1.6.jar;F:\DevCacheFile\.m2\repository\org\springframework\spring-beans\6.1.6\spring-beans-6.1.6.jar;F:\DevCacheFile\.m2\repository\org\springframework\spring-core\6.1.6\spring-core-6.1.6.jar;F:\DevCacheFile\.m2\repository\org\springframework\spring-jcl\6.1.6\spring-jcl-6.1.6.jar;F:\DevCacheFile\.m2\repository\org\springframework\spring-expression\6.1.6\spring-expression-6.1.6.jar;F:\DevCacheFile\.m2\repository\io\micrometer\micrometer-observation\1.12.5\micrometer-observation-1.12.5.jar;F:\DevCacheFile\.m2\repository\io\micrometer\micrometer-commons\1.12.5\micrometer-commons-1.12.5.jar;F:\DevCacheFile\.m2\repository\junit\junit\3.8.1\junit-3.8.1.jar;"/>
    <property name="java.vm.vendor" value="Oracle Corporation"/>
    <property name="sun.arch.data.model" value="64"/>
    <property name="user.variant" value=""/>
    <property name="java.vendor.url" value="https://java.oracle.com/"/>
    <property name="user.timezone" value="Asia/Shanghai"/>
    <property name="os.name" value="Windows 10"/>
    <property name="java.vm.specification.version" value="17"/>
    <property name="sun.java.launcher" value="SUN_STANDARD"/>
    <property name="user.country" value="CN"/>
    <property name="sun.boot.library.path" value="D:\editor\java\jdk\bin"/>
    <property name="sun.java.command" value="C:\Users\Administrator\AppData\Local\Temp\surefire845909123677993758\surefirebooter-20241102141358998_3.jar C:\Users\Administrator\AppData\Local\Temp\surefire845909123677993758 2024-11-02T14-13-58_912-jvmRun1 surefire-20241102141358998_1tmp surefire_0-20241102141358998_2tmp"/>
    <property name="jdk.debug" value="release"/>
    <property name="surefire.test.class.path" value="F:\CODE\be\java-my-learn\Part08-Spring-without-Boot\target\test-classes;F:\CODE\be\java-my-learn\Part08-Spring-without-Boot\target\classes;F:\DevCacheFile\.m2\repository\org\springframework\spring-context\6.1.6\spring-context-6.1.6.jar;F:\DevCacheFile\.m2\repository\org\springframework\spring-aop\6.1.6\spring-aop-6.1.6.jar;F:\DevCacheFile\.m2\repository\org\springframework\spring-beans\6.1.6\spring-beans-6.1.6.jar;F:\DevCacheFile\.m2\repository\org\springframework\spring-core\6.1.6\spring-core-6.1.6.jar;F:\DevCacheFile\.m2\repository\org\springframework\spring-jcl\6.1.6\spring-jcl-6.1.6.jar;F:\DevCacheFile\.m2\repository\org\springframework\spring-expression\6.1.6\spring-expression-6.1.6.jar;F:\DevCacheFile\.m2\repository\io\micrometer\micrometer-observation\1.12.5\micrometer-observation-1.12.5.jar;F:\DevCacheFile\.m2\repository\io\micrometer\micrometer-commons\1.12.5\micrometer-commons-1.12.5.jar;F:\DevCacheFile\.m2\repository\junit\junit\3.8.1\junit-3.8.1.jar;"/>
    <property name="sun.cpu.endian" value="little"/>
    <property name="user.home" value="C:\Users\Administrator"/>
    <property name="user.language" value="zh"/>
    <property name="java.specification.vendor" value="Oracle Corporation"/>
    <property name="java.version.date" value="2021-10-19"/>
    <property name="java.home" value="D:\editor\java\jdk"/>
    <property name="file.separator" value="\"/>
    <property name="basedir" value="F:\CODE\be\java-my-learn\Part08-Spring-without-Boot"/>
    <property name="java.vm.compressedOopsMode" value="Zero based"/>
    <property name="line.separator" value="&#10;"/>
    <property name="java.vm.specification.vendor" value="Oracle Corporation"/>
    <property name="java.specification.name" value="Java Platform API Specification"/>
    <property name="surefire.real.class.path" value="C:\Users\Administrator\AppData\Local\Temp\surefire845909123677993758\surefirebooter-20241102141358998_3.jar"/>
    <property name="user.script" value=""/>
    <property name="sun.management.compiler" value="HotSpot 64-Bit Tiered Compilers"/>
    <property name="java.runtime.version" value="17.0.1+12-39"/>
    <property name="user.name" value="Administrator"/>
    <property name="path.separator" value=";"/>
    <property name="os.version" value="10.0"/>
    <property name="java.runtime.name" value="OpenJDK Runtime Environment"/>
    <property name="file.encoding" value="GBK"/>
    <property name="java.vm.name" value="OpenJDK 64-Bit Server VM"/>
    <property name="localRepository" value="F:\DevCacheFile\.m2\repository"/>
    <property name="java.vendor.url.bug" value="https://bugreport.java.com/bugreport/"/>
    <property name="java.io.tmpdir" value="C:\Users\ADMINI~1\AppData\Local\Temp\"/>
    <property name="idea.version" value="2023.2.8"/>
    <property name="java.version" value="17.0.1"/>
    <property name="user.dir" value="F:\CODE\be\java-my-learn\Part08-Spring-without-Boot"/>
    <property name="os.arch" value="amd64"/>
    <property name="java.vm.specification.name" value="Java Virtual Machine Specification"/>
    <property name="sun.os.patch.level" value=""/>
    <property name="native.encoding" value="GBK"/>
    <property name="java.library.path" value="D:\editor\java\jdk\bin;C:\Windows\Sun\Java\bin;C:\Windows\system32;C:\Windows;D:\editor\java\jdk\bin;c:\Users\Administrator\AppData\Local\Programs\cursor\resources\app\bin;C:\Users\Administrator\AppData\Local\UGit\app-5.22.2\resources\app\git\cmd;C:\Users\Administrator\AppData\Local\UGit\bin;C:\Users\Administrator\.bun\bin;C:\Users\Administrator\.nvmd\bin;C:\Windows\system32;C:\Windows;C:\Windows\System32\Wbem;C:\Windows\System32\WindowsPowerShell\v1.0\;C:\Windows\System32\OpenSSH\;C:\Program Files (x86)\NVIDIA Corporation\PhysX\Common;C:\Users\Administrator\AppData\Local\Microsoft\WindowsApps;C:\Users\Administrator\.bun\bin;C:\Users\Administrator\.nvmd\bin;C:\Windows\system32;C:\Windows;C:\Windows\System32\Wbem;C:\Windows\System32\WindowsPowerShell\v1.0\;C:\Windows\System32\OpenSSH\;C:\Program Files (x86)\NVIDIA Corporation\PhysX\Common;C:\Users\Administrator\AppData\Local\Microsoft\WindowsApps;C:\Users\Administrator\AppData\Local\UGit\app-5.23.1\resources\app\git\cmd;C:\Users\Administrator\AppData\Local\UGit\bin;c:\Users\Administrator\AppData\Local\Programs\cursor\resources\app\bin;C:\Program Files\dotnet\;D:\editor\Microsoft VS Code\bin;C:\Users\Administrator\.bun\bin;C:\Users\Administrator\.nvmd\bin;C:\Windows\system32;C:\Windows;C:\Windows\System32\Wbem;C:\Windows\System32\WindowsPowerShell\v1.0\;C:\Windows\System32\OpenSSH\;C:\Program Files (x86)\NVIDIA Corporation\PhysX\Common;C:\Users\Administrator\AppData\Local\Microsoft\WindowsApps;C:\Users\Administrator\AppData\Local\UGit\app-5.24.1\resources\app\git\cmd;C:\Users\Administrator\AppData\Local\UGit\bin;."/>
    <property name="java.vm.info" value="mixed mode, sharing"/>
    <property name="java.vendor" value="Oracle Corporation"/>
    <property name="java.vm.version" value="17.0.1+12-39"/>
    <property name="sun.io.unicode.encoding" value="UnicodeLittle"/>
    <property name="maven.repo.local" value="F:\DevCacheFile\.m2\repository"/>
    <property name="java.class.version" value="61.0"/>
  </properties>
  <testcase name="testApp" classname="org.example.AppTest" time="0.001"/>
</testsuite>